1630799106434	geckodriver	INFO	Listening on 127.0.0.1:60687
1630799109473	mozrunner::runner	INFO	Running command: "C:\\Program Files\\Mozilla Firefox\\firefox.exe" "--marionette" "-foreground" "-no-remote" "-profile" "C:\\Users\\Cool\\AppData\\Local\\Temp\\rust_mozprofiledUbWkZ"
1630799110331	Marionette	INFO	Marionette enabled
console.warn: SearchSettings: "get: No settings file exists, new profile?" (new NotFoundError("Could not open the file at C:\\Users\\Cool\\AppData\\Local\\Temp\\rust_mozprofiledUbWkZ\\search.json.mozlz4", (void 0)))
1630799114646	Marionette	INFO	Listening on port 60695
1630799114846	RemoteAgent	WARN	TLS certificate errors will be ignored for this session
1630799115180	Marionette	INFO	Stopped listening on port 60695
JavaScript error: resource:///modules/Interactions.jsm, line 209: NS_ERROR_FAILURE: Component returned failure code: 0x80004005 (NS_ERROR_FAILURE) [nsIUserIdleService.removeIdleObserver]
console.warn: services.settings: main/cfr-fxa sync interrupted by shutdown
console.warn: services.settings: main/partitioning-exempt-urls sync interrupted by shutdown
1630799975196	geckodriver	INFO	Listening on 127.0.0.1:61446
1630799978242	mozrunner::runner	INFO	Running command: "C:\\Program Files\\Mozilla Firefox\\firefox.exe" "--marionette" "-foreground" "-no-remote" "-profile" "C:\\Users\\Cool\\AppData\\Local\\Temp\\rust_mozprofileraaScP"
1630799979095	Marionette	INFO	Marionette enabled
console.warn: SearchSettings: "get: No settings file exists, new profile?" (new NotFoundError("Could not open the file at C:\\Users\\Cool\\AppData\\Local\\Temp\\rust_mozprofileraaScP\\search.json.mozlz4", (void 0)))
1630799984839	Marionette	INFO	Listening on port 61454
1630799985203	RemoteAgent	WARN	TLS certificate errors will be ignored for this session
1630799985839	Marionette	INFO	Stopped listening on port 61454
JavaScript error: resource://activity-stream/lib/ActivityStreamPrefs.jsm, line 27: NS_ERROR_ILLEGAL_VALUE: Component returned failure code: 0x80070057 (NS_ERROR_ILLEGAL_VALUE) [nsIPrefBranch.removeObserver]
JavaScript error: resource:///modules/Interactions.jsm, line 209: NS_ERROR_FAILURE: Component returned failure code: 0x80004005 (NS_ERROR_FAILURE) [nsIUserIdleService.removeIdleObserver]
[Parent 10396, IPC I/O Parent] WARNING: file /builds/worker/checkouts/gecko/ipc/chromium/src/base/process_util_win.cc:167
console.log: "RemoteSettingsWorker error: Error: Can't import when we've started shutting down."
console.log: "RemoteSettingsWorker error: Error: Can't import when we've started shutting down."
console.log: "RemoteSettingsWorker error: Error: Can't import when we've started shutting down."
console.log: "RemoteSettingsWorker error: Error: Can't import when we've started shutting down."
console.error: "Could not load engine google@search.mozilla.org: [Exception... \"AddonManager is not initialized\"  nsresult: \"0xc1f30001 (NS_ERROR_NOT_INITIALIZED)\"  location: \"JS frame :: resource://gre/modules/AddonManager.jsm :: installBuiltinAddon :: line 2536\"  data: no]"
console.error: "Could not load engine amazondotcom@search.mozilla.org: [Exception... \"AddonManager is not initialized\"  nsresult: \"0xc1f30001 (NS_ERROR_NOT_INITIALIZED)\"  location: \"JS frame :: resource://gre/modules/AddonManager.jsm :: installBuiltinAddon :: line 2536\"  data: no]"
console.error: "Could not load engine wikipedia@search.mozilla.org: [Exception... \"AddonManager is not initialized\"  nsresult: \"0xc1f30001 (NS_ERROR_NOT_INITIALIZED)\"  location: \"JS frame :: resource://gre/modules/AddonManager.jsm :: installBuiltinAddon :: line 2536\"  data: no]"
console.error: "Could not load engine bing@search.mozilla.org: [Exception... \"AddonManager is not initialized\"  nsresult: \"0xc1f30001 (NS_ERROR_NOT_INITIALIZED)\"  location: \"JS frame :: resource://gre/modules/AddonManager.jsm :: installBuiltinAddon :: line 2536\"  data: no]"
console.error: "Could not load engine ddg@search.mozilla.org: [Exception... \"AddonManager is not initialized\"  nsresult: \"0xc1f30001 (NS_ERROR_NOT_INITIALIZED)\"  location: \"JS frame :: resource://gre/modules/AddonManager.jsm :: installBuiltinAddon :: line 2536\"  data: no]"
console.warn: SearchService: "_init: abandoning init due to shutting down"
console.log: "RemoteSettingsWorker error: Error: Can't import when we've started shutting down."
JavaScript error: resource://gre/modules/AsyncShutdown.jsm, line 575: uncaught exception: 2147500036
JavaScript error: resource://gre/modules/AsyncShutdown.jsm, line 575: uncaught exception: 2147500036
JavaScript error: resource://gre/modules/AsyncShutdown.jsm, line 575: uncaught exception: 2147500036
JavaScript error: resource://gre/modules/AsyncShutdown.jsm, line 575: uncaught exception: 2147500036
JavaScript error: resource://gre/modules/AsyncShutdown.jsm, line 575: uncaught exception: 2147500036
JavaScript error: resource://gre/modules/AsyncShutdown.jsm, line 575: uncaught exception: 2147500036
console.log: "RemoteSettingsWorker error: Error: Can't import when we've started shutting down."
JavaScript error: , line 0: uncaught exception: 2147500036
JavaScript error: resource://gre/modules/AsyncShutdown.jsm, line 718: Error: Phase "profile-before-change" is finished, it is too late to register completion condition "DoHController: clear state and remove observers"
console.error: PushService: 
  stateChangeProcessEnqueue: Error transitioning state
  AbortError
console.error: PushService: 
  clearOriginData: Error clearing origin data:
  AbortError
JavaScript error: resource://gre/modules/CrashManager.jsm, line 829: AbortError: IOUtils: Shutting down and refusing additional I/O tasks
1630800088958	geckodriver	INFO	Listening on 127.0.0.1:61495
1630800092029	mozrunner::runner	INFO	Running command: "C:\\Program Files\\Mozilla Firefox\\firefox.exe" "--marionette" "-foreground" "-no-remote" "-profile" "C:\\Users\\Cool\\AppData\\Local\\Temp\\rust_mozprofileEqz6tM"
1630800092842	Marionette	INFO	Marionette enabled
console.warn: SearchSettings: "get: No settings file exists, new profile?" (new NotFoundError("Could not open the file at C:\\Users\\Cool\\AppData\\Local\\Temp\\rust_mozprofileEqz6tM\\search.json.mozlz4", (void 0)))
1630800096639	Marionette	INFO	Listening on port 61503
1630800096847	RemoteAgent	WARN	TLS certificate errors will be ignored for this session
1630800097176	Marionette	INFO	Stopped listening on port 61503
JavaScript error: resource:///modules/Interactions.jsm, line 209: NS_ERROR_FAILURE: Component returned failure code: 0x80004005 (NS_ERROR_FAILURE) [nsIUserIdleService.removeIdleObserver]
console.warn: services.settings: main/cfr-fxa sync interrupted by shutdown
console.warn: services.settings: main/partitioning-exempt-urls sync interrupted by shutdown
1631147183805	geckodriver	INFO	Listening on 127.0.0.1:53957
1631147186867	mozrunner::runner	INFO	Running command: "C:\\Program Files\\Mozilla Firefox\\firefox.exe" "--marionette" "-foreground" "-no-remote" "-profile" "C:\\Users\\Cool\\AppData\\Local\\Temp\\rust_mozprofileryE3T6"
1631147187906	Marionette	INFO	Marionette enabled
console.warn: SearchSettings: "get: No settings file exists, new profile?" (new NotFoundError("Could not open the file at C:\\Users\\Cool\\AppData\\Local\\Temp\\rust_mozprofileryE3T6\\search.json.mozlz4", (void 0)))
1631147191913	Marionette	INFO	Listening on port 53965
1631147192228	RemoteAgent	WARN	TLS certificate errors will be ignored for this session
1631147192763	Marionette	INFO	Stopped listening on port 53965
JavaScript error: resource:///modules/Interactions.jsm, line 209: NS_ERROR_FAILURE: Component returned failure code: 0x80004005 (NS_ERROR_FAILURE) [nsIUserIdleService.removeIdleObserver]
1631147193695	geckodriver	INFO	Listening on 127.0.0.1:54000
1631147196741	mozrunner::runner	INFO	Running command: "C:\\Program Files\\Mozilla Firefox\\firefox.exe" "--marionette" "-foreground" "-no-remote" "-profile" "C:\\Users\\Cool\\AppData\\Local\\Temp\\rust_mozprofile1M4hkS"
1631147197566	Marionette	INFO	Marionette enabled
console.warn: SearchSettings: "get: No settings file exists, new profile?" (new NotFoundError("Could not open the file at C:\\Users\\Cool\\AppData\\Local\\Temp\\rust_mozprofile1M4hkS\\search.json.mozlz4", (void 0)))
1631147201537	Marionette	INFO	Listening on port 54008
1631147202038	RemoteAgent	WARN	TLS certificate errors will be ignored for this session
1631147202213	Marionette	INFO	Stopped listening on port 54008
JavaScript error: resource:///modules/Interactions.jsm, line 209: NS_ERROR_FAILURE: Component returned failure code: 0x80004005 (NS_ERROR_FAILURE) [nsIUserIdleService.removeIdleObserver]
console.warn: services.settings: main/partitioning-exempt-urls sync interrupted by shutdown
1631147704701	geckodriver	INFO	Listening on 127.0.0.1:54248
1631147707747	mozrunner::runner	INFO	Running command: "C:\\Program Files\\Mozilla Firefox\\firefox.exe" "--marionette" "-foreground" "-no-remote" "-profile" "C:\\Users\\Cool\\AppData\\Local\\Temp\\rust_mozprofile3LALXE"
1631147708573	Marionette	INFO	Marionette enabled
console.warn: SearchSettings: "get: No settings file exists, new profile?" (new NotFoundError("Could not open the file at C:\\Users\\Cool\\AppData\\Local\\Temp\\rust_mozprofile3LALXE\\search.json.mozlz4", (void 0)))
1631147712723	Marionette	INFO	Listening on port 54256
1631147713103	RemoteAgent	WARN	TLS certificate errors will be ignored for this session
1631147713604	Marionette	INFO	Stopped listening on port 54256
JavaScript error: resource:///modules/Interactions.jsm, line 209: NS_ERROR_FAILURE: Component returned failure code: 0x80004005 (NS_ERROR_FAILURE) [nsIUserIdleService.removeIdleObserver]
1631147714683	geckodriver	INFO	Listening on 127.0.0.1:54289
1631147717745	mozrunner::runner	INFO	Running command: "C:\\Program Files\\Mozilla Firefox\\firefox.exe" "--marionette" "-foreground" "-no-remote" "-profile" "C:\\Users\\Cool\\AppData\\Local\\Temp\\rust_mozprofileoCqlHt"
1631147718577	Marionette	INFO	Marionette enabled
console.warn: SearchSettings: "get: No settings file exists, new profile?" (new NotFoundError("Could not open the file at C:\\Users\\Cool\\AppData\\Local\\Temp\\rust_mozprofileoCqlHt\\search.json.mozlz4", (void 0)))
1631147722594	Marionette	INFO	Listening on port 54297
1631147723105	RemoteAgent	WARN	TLS certificate errors will be ignored for this session
1631147723290	Marionette	INFO	Stopped listening on port 54297
JavaScript error: resource:///modules/Interactions.jsm, line 209: NS_ERROR_FAILURE: Component returned failure code: 0x80004005 (NS_ERROR_FAILURE) [nsIUserIdleService.removeIdleObserver]
console.warn: services.settings: main/partitioning-exempt-urls sync interrupted by shutdown
console.warn: services.settings: main/whats-new-panel sync interrupted by shutdown
1631148099411	geckodriver	INFO	Listening on 127.0.0.1:54786
1631148102435	mozrunner::runner	INFO	Running command: "C:\\Program Files\\Mozilla Firefox\\firefox.exe" "--marionette" "-foreground" "-no-remote" "-profile" "C:\\Users\\Cool\\AppData\\Local\\Temp\\rust_mozprofiletOK1ZQ"
1631148103239	Marionette	INFO	Marionette enabled
console.warn: SearchSettings: "get: No settings file exists, new profile?" (new NotFoundError("Could not open the file at C:\\Users\\Cool\\AppData\\Local\\Temp\\rust_mozprofiletOK1ZQ\\search.json.mozlz4", (void 0)))
1631148106915	Marionette	INFO	Listening on port 54794
1631148107280	RemoteAgent	WARN	TLS certificate errors will be ignored for this session
1631148107798	Marionette	INFO	Stopped listening on port 54794
JavaScript error: resource:///modules/Interactions.jsm, line 209: NS_ERROR_FAILURE: Component returned failure code: 0x80004005 (NS_ERROR_FAILURE) [nsIUserIdleService.removeIdleObserver]
1631148108710	geckodriver	INFO	Listening on 127.0.0.1:54827
1631148111765	mozrunner::runner	INFO	Running command: "C:\\Program Files\\Mozilla Firefox\\firefox.exe" "--marionette" "-foreground" "-no-remote" "-profile" "C:\\Users\\Cool\\AppData\\Local\\Temp\\rust_mozprofileUaDvgO"
1631148112601	Marionette	INFO	Marionette enabled
console.warn: SearchSettings: "get: No settings file exists, new profile?" (new NotFoundError("Could not open the file at C:\\Users\\Cool\\AppData\\Local\\Temp\\rust_mozprofileUaDvgO\\search.json.mozlz4", (void 0)))
1631148116529	Marionette	INFO	Listening on port 54835
1631148116621	RemoteAgent	WARN	TLS certificate errors will be ignored for this session
1631148116853	Marionette	INFO	Stopped listening on port 54835
JavaScript error: resource:///modules/Interactions.jsm, line 209: NS_ERROR_FAILURE: Component returned failure code: 0x80004005 (NS_ERROR_FAILURE) [nsIUserIdleService.removeIdleObserver]
console.warn: services.settings: main/partitioning-exempt-urls sync interrupted by shutdown
1631149235922	geckodriver	INFO	Listening on 127.0.0.1:57256
1631149238992	mozrunner::runner	INFO	Running command: "C:\\Program Files\\Mozilla Firefox\\firefox.exe" "--marionette" "-foreground" "-no-remote" "-profile" "C:\\Users\\Cool\\AppData\\Local\\Temp\\rust_mozprofileDgWaog"
1631149239906	Marionette	INFO	Marionette enabled
console.warn: SearchSettings: "get: No settings file exists, new profile?" (new NotFoundError("Could not open the file at C:\\Users\\Cool\\AppData\\Local\\Temp\\rust_mozprofileDgWaog\\search.json.mozlz4", (void 0)))
1631149244640	Marionette	INFO	Listening on port 57264
1631149244926	RemoteAgent	WARN	TLS certificate errors will be ignored for this session
1631149245689	Marionette	INFO	Stopped listening on port 57264
JavaScript error: resource:///modules/Interactions.jsm, line 209: NS_ERROR_FAILURE: Component returned failure code: 0x80004005 (NS_ERROR_FAILURE) [nsIUserIdleService.removeIdleObserver]
1631149247101	geckodriver	INFO	Listening on 127.0.0.1:57297
1631149250156	mozrunner::runner	INFO	Running command: "C:\\Program Files\\Mozilla Firefox\\firefox.exe" "--marionette" "-foreground" "-no-remote" "-profile" "C:\\Users\\Cool\\AppData\\Local\\Temp\\rust_mozprofiled4kCfa"
1631149251096	Marionette	INFO	Marionette enabled
console.warn: SearchSettings: "get: No settings file exists, new profile?" (new NotFoundError("Could not open the file at C:\\Users\\Cool\\AppData\\Local\\Temp\\rust_mozprofiled4kCfa\\search.json.mozlz4", (void 0)))
1631149254875	Marionette	INFO	Listening on port 57305
1631149254989	RemoteAgent	WARN	TLS certificate errors will be ignored for this session
1631149255231	Marionette	INFO	Stopped listening on port 57305
JavaScript error: resource:///modules/Interactions.jsm, line 209: NS_ERROR_FAILURE: Component returned failure code: 0x80004005 (NS_ERROR_FAILURE) [nsIUserIdleService.removeIdleObserver]
console.warn: services.settings: main/partitioning-exempt-urls sync interrupted by shutdown
1631156253644	geckodriver	INFO	Listening on 127.0.0.1:49915
1631156256715	mozrunner::runner	INFO	Running command: "C:\\Program Files\\Mozilla Firefox\\firefox.exe" "--marionette" "-foreground" "-no-remote" "-profile" "C:\\Users\\Cool\\AppData\\Local\\Temp\\rust_mozprofileNm6Uj3"
1631156257527	Marionette	INFO	Marionette enabled
console.warn: SearchSettings: "get: No settings file exists, new profile?" (new NotFoundError("Could not open the file at C:\\Users\\Cool\\AppData\\Local\\Temp\\rust_mozprofileNm6Uj3\\search.json.mozlz4", (void 0)))
1631156261528	Marionette	INFO	Listening on port 49923
1631156262055	RemoteAgent	WARN	TLS certificate errors will be ignored for this session
1631156263039	Marionette	INFO	Stopped listening on port 49923
JavaScript error: resource:///modules/Interactions.jsm, line 209: NS_ERROR_FAILURE: Component returned failure code: 0x80004005 (NS_ERROR_FAILURE) [nsIUserIdleService.removeIdleObserver]
1631156263957	geckodriver	INFO	Listening on 127.0.0.1:49962
1631156266996	mozrunner::runner	INFO	Running command: "C:\\Program Files\\Mozilla Firefox\\firefox.exe" "--marionette" "-foreground" "-no-remote" "-profile" "C:\\Users\\Cool\\AppData\\Local\\Temp\\rust_mozprofileVeMZau"
1631156267777	Marionette	INFO	Marionette enabled
console.warn: SearchSettings: "get: No settings file exists, new profile?" (new NotFoundError("Could not open the file at C:\\Users\\Cool\\AppData\\Local\\Temp\\rust_mozprofileVeMZau\\search.json.mozlz4", (void 0)))
1631156271774	Marionette	INFO	Listening on port 49970
1631156271825	RemoteAgent	WARN	TLS certificate errors will be ignored for this session
1631156272480	Marionette	INFO	Stopped listening on port 49970
JavaScript error: resource:///modules/Interactions.jsm, line 209: NS_ERROR_FAILURE: Component returned failure code: 0x80004005 (NS_ERROR_FAILURE) [nsIUserIdleService.removeIdleObserver]
console.error: services.settings: 
  main/cfr Signature failed  TypeError: NetworkError when attempting to fetch resource.
1631156273443	geckodriver	INFO	Listening on 127.0.0.1:50002
1631156276498	mozrunner::runner	INFO	Running command: "C:\\Program Files\\Mozilla Firefox\\firefox.exe" "--marionette" "-foreground" "-no-remote" "-profile" "C:\\Users\\Cool\\AppData\\Local\\Temp\\rust_mozprofileM0oBo0"
1631156277299	Marionette	INFO	Marionette enabled
console.warn: SearchSettings: "get: No settings file exists, new profile?" (new NotFoundError("Could not open the file at C:\\Users\\Cool\\AppData\\Local\\Temp\\rust_mozprofileM0oBo0\\search.json.mozlz4", (void 0)))
1631156281132	Marionette	INFO	Listening on port 50010
1631156281341	RemoteAgent	WARN	TLS certificate errors will be ignored for this session
1631156282218	Marionette	INFO	Stopped listening on port 50010
JavaScript error: resource:///modules/Interactions.jsm, line 209: NS_ERROR_FAILURE: Component returned failure code: 0x80004005 (NS_ERROR_FAILURE) [nsIUserIdleService.removeIdleObserver]
1631156551334	geckodriver	INFO	Listening on 127.0.0.1:50233
1631156554405	mozrunner::runner	INFO	Running command: "C:\\Program Files\\Mozilla Firefox\\firefox.exe" "--marionette" "-foreground" "-no-remote" "-profile" "C:\\Users\\Cool\\AppData\\Local\\Temp\\rust_mozprofileFrKbJN"
1631156555224	Marionette	INFO	Marionette enabled
console.warn: SearchSettings: "get: No settings file exists, new profile?" (new NotFoundError("Could not open the file at C:\\Users\\Cool\\AppData\\Local\\Temp\\rust_mozprofileFrKbJN\\search.json.mozlz4", (void 0)))
1631156559187	Marionette	INFO	Listening on port 50241
1631156559714	RemoteAgent	WARN	TLS certificate errors will be ignored for this session
1631156560724	Marionette	INFO	Stopped listening on port 50241
JavaScript error: resource:///modules/Interactions.jsm, line 209: NS_ERROR_FAILURE: Component returned failure code: 0x80004005 (NS_ERROR_FAILURE) [nsIUserIdleService.removeIdleObserver]
1631156561656	geckodriver	INFO	Listening on 127.0.0.1:50279
1631156564712	mozrunner::runner	INFO	Running command: "C:\\Program Files\\Mozilla Firefox\\firefox.exe" "--marionette" "-foreground" "-no-remote" "-profile" "C:\\Users\\Cool\\AppData\\Local\\Temp\\rust_mozprofileBbwSrU"
1631156565528	Marionette	INFO	Marionette enabled
console.warn: SearchSettings: "get: No settings file exists, new profile?" (new NotFoundError("Could not open the file at C:\\Users\\Cool\\AppData\\Local\\Temp\\rust_mozprofileBbwSrU\\search.json.mozlz4", (void 0)))
1631156569652	Marionette	INFO	Listening on port 50287
1631156570029	RemoteAgent	WARN	TLS certificate errors will be ignored for this session
1631156570653	Marionette	INFO	Stopped listening on port 50287
console.warn: services.settings: main/cfr sync interrupted by shutdown
JavaScript error: resource:///modules/Interactions.jsm, line 209: NS_ERROR_FAILURE: Component returned failure code: 0x80004005 (NS_ERROR_FAILURE) [nsIUserIdleService.removeIdleObserver]
[Parent 10400, IPC I/O Parent] WARNING: file /builds/worker/checkouts/gecko/ipc/chromium/src/base/process_util_win.cc:167
1631156571509	geckodriver	INFO	Listening on 127.0.0.1:50322
1631156574533	mozrunner::runner	INFO	Running command: "C:\\Program Files\\Mozilla Firefox\\firefox.exe" "--marionette" "-foreground" "-no-remote" "-profile" "C:\\Users\\Cool\\AppData\\Local\\Temp\\rust_mozprofilebyPFg7"
1631156575287	Marionette	INFO	Marionette enabled
console.warn: SearchSettings: "get: No settings file exists, new profile?" (new NotFoundError("Could not open the file at C:\\Users\\Cool\\AppData\\Local\\Temp\\rust_mozprofilebyPFg7\\search.json.mozlz4", (void 0)))
1631156579508	Marionette	INFO	Listening on port 50330
1631156579842	RemoteAgent	WARN	TLS certificate errors will be ignored for this session
1631156585580	Marionette	INFO	Stopped listening on port 50330
JavaScript error: resource:///modules/Interactions.jsm, line 209: NS_ERROR_FAILURE: Component returned failure code: 0x80004005 (NS_ERROR_FAILURE) [nsIUserIdleService.removeIdleObserver]
1631156658540	geckodriver	INFO	Listening on 127.0.0.1:50389
1631156661611	mozrunner::runner	INFO	Running command: "C:\\Program Files\\Mozilla Firefox\\firefox.exe" "--marionette" "-foreground" "-no-remote" "-profile" "C:\\Users\\Cool\\AppData\\Local\\Temp\\rust_mozprofiletzIwgs"
1631156662416	Marionette	INFO	Marionette enabled
console.warn: SearchSettings: "get: No settings file exists, new profile?" (new NotFoundError("Could not open the file at C:\\Users\\Cool\\AppData\\Local\\Temp\\rust_mozprofiletzIwgs\\search.json.mozlz4", (void 0)))
1631156666414	Marionette	INFO	Listening on port 50397
1631156666940	RemoteAgent	WARN	TLS certificate errors will be ignored for this session
1631156667887	Marionette	INFO	Stopped listening on port 50397
JavaScript error: resource:///modules/Interactions.jsm, line 209: NS_ERROR_FAILURE: Component returned failure code: 0x80004005 (NS_ERROR_FAILURE) [nsIUserIdleService.removeIdleObserver]
1631156668813	geckodriver	INFO	Listening on 127.0.0.1:50436
1631156671859	mozrunner::runner	INFO	Running command: "C:\\Program Files\\Mozilla Firefox\\firefox.exe" "--marionette" "-foreground" "-no-remote" "-profile" "C:\\Users\\Cool\\AppData\\Local\\Temp\\rust_mozprofileeaovED"
1631156672633	Marionette	INFO	Marionette enabled
console.warn: SearchSettings: "get: No settings file exists, new profile?" (new NotFoundError("Could not open the file at C:\\Users\\Cool\\AppData\\Local\\Temp\\rust_mozprofileeaovED\\search.json.mozlz4", (void 0)))
1631156676480	Marionette	INFO	Listening on port 50444
1631156676660	RemoteAgent	WARN	TLS certificate errors will be ignored for this session
1631156677331	Marionette	INFO	Stopped listening on port 50444
JavaScript error: resource:///modules/Interactions.jsm, line 209: NS_ERROR_FAILURE: Component returned failure code: 0x80004005 (NS_ERROR_FAILURE) [nsIUserIdleService.removeIdleObserver]
console.warn: services.settings: main/whats-new-panel sync interrupted by shutdown
1631156678262	geckodriver	INFO	Listening on 127.0.0.1:50478
1631156681324	mozrunner::runner	INFO	Running command: "C:\\Program Files\\Mozilla Firefox\\firefox.exe" "--marionette" "-foreground" "-no-remote" "-profile" "C:\\Users\\Cool\\AppData\\Local\\Temp\\rust_mozprofile8SRfAs"
1631156682095	Marionette	INFO	Marionette enabled
console.warn: SearchSettings: "get: No settings file exists, new profile?" (new NotFoundError("Could not open the file at C:\\Users\\Cool\\AppData\\Local\\Temp\\rust_mozprofile8SRfAs\\search.json.mozlz4", (void 0)))
1631156685970	Marionette	INFO	Listening on port 50486
1631156686147	RemoteAgent	WARN	TLS certificate errors will be ignored for this session
1631156691985	Marionette	INFO	Stopped listening on port 50486
JavaScript error: resource:///modules/Interactions.jsm, line 209: NS_ERROR_FAILURE: Component returned failure code: 0x80004005 (NS_ERROR_FAILURE) [nsIUserIdleService.removeIdleObserver]
